Using launch settings from /home/mufies/Code/tiktok-clone/notification-service/NotificationService/Properties/launchSettings.json...
Building...
fail: Microsoft.EntityFrameworkCore.Database.Command[20102]
      Failed executing DbCommand (29ms) [Parameters=[], CommandType='Text', CommandTimeout='30']
      SELECT "MigrationId", "ProductVersion"
      FROM "__EFMigrationsHistory"
      ORDER BY "MigrationId";
info: Microsoft.EntityFrameworkCore.Migrations[20406]
      No migrations were found in assembly 'NotificationService'. A migration needs to be added before the database can be updated.
info: Microsoft.EntityFrameworkCore.Migrations[20405]
      No migrations were applied. The database is already up to date.
warn: Microsoft.AspNetCore.Server.Kestrel[0]
      Overriding address(es) 'http://localhost:5046'. Binding to endpoints defined via IConfiguration and/or UseKestrel() instead.
info: Microsoft.Hosting.Lifetime[14]
      Now listening on: http://localhost:9093
info: Microsoft.Hosting.Lifetime[14]
      Now listening on: http://localhost:8085
info: Microsoft.Hosting.Lifetime[0]
      Application started. Press Ctrl+C to shut down.
info: Microsoft.Hosting.Lifetime[0]
      Hosting environment: Development
info: Microsoft.Hosting.Lifetime[0]
      Content root path: /home/mufies/Code/tiktok-clone/notification-service/NotificationService
info: NotificationService.BackgroundServices.KafkaConsumerService[0]
      Kafka consumer started. Subscribed to topics: interaction.liked, interaction.commented, interaction.bookmarked, user.followed
info: Microsoft.Hosting.Lifetime[0]
      Application is shutting down...
fail: NotificationService.BackgroundServices.KafkaConsumerService[0]
      Error processing Kafka message
      System.OperationCanceledException: The operation was canceled.
         at System.Threading.CancellationToken.ThrowOperationCanceledException()
         at System.Threading.CancellationToken.ThrowIfCancellationRequested()
         at Confluent.Kafka.Consumer`2.Consume(CancellationToken cancellationToken)
         at NotificationService.BackgroundServices.KafkaConsumerService.ExecuteAsync(CancellationToken stoppingToken) in /home/mufies/Code/tiktok-clone/notification-service/NotificationService/BackgroundServices/KafkaConsumerService.cs:line 56
info: NotificationService.BackgroundServices.KafkaConsumerService[0]
      Kafka consumer stopped
